# JRE version: OpenJDK Runtime Environment Temurin-21.0.10+7 (21.0.10+7) (build 21.0.10+7-LTS)
# Java VM: OpenJDK 64-Bit Server VM Temurin-21.0.10+7 (21.0.10+7-LTS, mixed mode, sharing, tiered, compressed oops, compressed class ptrs, g1 gc, windows-amd64)
GC Precious Log:
 CardTable entry size: 512
 Card Set container configuration: InlinePtr #cards 5 size 8 Array Of Cards #cards 12 size 40 Howl #buckets 4 coarsen threshold 1843 Howl Bitmap #cards 512 size 80 coarsen threshold 460 Card regions per heap region 1 cards per card region 2048
 CPUs: 8 total, 8 available
 Memory: 16118M
 Large Page Support: Disabled
 NUMA Support: Disabled
 Compressed Oops: Enabled (32-bit)
 Heap Region Size: 1M
 Heap Min Capacity: 8M
 Heap Initial Capacity: 252M
 Heap Max Capacity: 2G
 Pre-touch: Disabled
 Parallel Workers: 8
 Concurrent Workers: 2
 Concurrent Refinement Workers: 8
 Periodic GC: Disabled
Heap:
 garbage-first heap   total 132096K, used 84579K [0x0000000080000000, 0x0000000100000000)
  region size 1024K, 5 young (5120K), 4 survivors (4096K)
 Metaspace       used 70630K, committed 72512K, reserved 1114112K
  class space    used 9954K, committed 10880K, reserved 1048576K
GC Heap History (20 events):
Event: 8.310 GC heap before
{Heap before GC invocations=10 (full 0):
 garbage-first heap   total 81920K, used 72470K [0x0000000080000000, 0x0000000100000000)
  region size 1024K, 36 young (36864K), 3 survivors (3072K)
 Metaspace       used 46708K, committed 48320K, reserved 1114112K
  class space    used 6815K, committed 7616K, reserved 1048576K
}
Event: 8.319 GC heap after
{Heap after GC invocations=11 (full 0):
 garbage-first heap   total 81920K, used 39101K [0x0000000080000000, 0x0000000100000000)
  region size 1024K, 5 young (5120K), 5 survivors (5120K)
 Metaspace       used 46708K, committed 48320K, reserved 1114112K
  class space    used 6815K, committed 7616K, reserved 1048576K
}
Event: 8.855 GC heap before
{Heap before GC invocations=11 (full 0):
 garbage-first heap   total 81920K, used 70845K [0x0000000080000000, 0x0000000100000000)
  region size 1024K, 37 young (37888K), 5 survivors (5120K)
 Metaspace       used 47845K, committed 49408K, reserved 1114112K
  class space    used 6947K, committed 7744K, reserved 1048576K
}
Event: 8.862 GC heap after
{Heap after GC invocations=12 (full 0):
 garbage-first heap   total 82944K, used 44245K [0x0000000080000000, 0x0000000100000000)
  region size 1024K, 5 young (5120K), 5 survivors (5120K)
 Metaspace       used 47845K, committed 49408K, reserved 1114112K
  class space    used 6947K, committed 7744K, reserved 1048576K
}
Event: 9.218 GC heap before
{Heap before GC invocations=12 (full 0):
 garbage-first heap   total 82944K, used 70869K [0x0000000080000000, 0x0000000100000000)
  region size 1024K, 33 young (33792K), 5 survivors (5120K)
 Metaspace       used 48583K, committed 50304K, reserved 1114112K
  class space    used 7026K, committed 7872K, reserved 1048576K
}
Event: 9.223 GC heap after
{Heap after GC invocations=13 (full 0):
 garbage-first heap   total 82944K, used 46384K [0x0000000080000000, 0x0000000100000000)
  region size 1024K, 5 young (5120K), 5 survivors (5120K)
 Metaspace       used 48583K, committed 50304K, reserved 1114112K
  class space    used 7026K, committed 7872K, reserved 1048576K
}
Event: 9.659 GC heap before
{Heap before GC invocations=14 (full 0):
 garbage-first heap   total 91136K, used 85296K [0x0000000080000000, 0x0000000100000000)
  region size 1024K, 30 young (30720K), 5 survivors (5120K)
 Metaspace       used 49897K, committed 51584K, reserved 1114112K
  class space    used 7206K, committed 8064K, reserved 1048576K
}
Event: 9.665 GC heap after
{Heap after GC invocations=15 (full 0):
 garbage-first heap   total 99328K, used 67296K [0x0000000080000000, 0x0000000100000000)
  region size 1024K, 4 young (4096K), 4 survivors (4096K)
 Metaspace       used 49897K, committed 51584K, reserved 1114112K
  class space    used 7206K, committed 8064K, reserved 1048576K
}
Event: 9.929 GC heap before
{Heap before GC invocations=15 (full 0):
 garbage-first heap   total 99328K, used 88800K [0x0000000080000000, 0x0000000100000000)
  region size 1024K, 24 young (24576K), 4 survivors (4096K)
 Metaspace       used 51736K, committed 53440K, reserved 1114112K
  class space    used 7441K, committed 8256K, reserved 1048576K
}
Event: 9.934 GC heap after
{Heap after GC invocations=16 (full 0):
 garbage-first heap   total 119808K, used 68702K [0x0000000080000000, 0x0000000100000000)
  region size 1024K, 1 young (1024K), 1 survivors (1024K)
 Metaspace       used 51736K, committed 53440K, reserved 1114112K
  class space    used 7441K, committed 8256K, reserved 1048576K
}
Event: 10.425 GC heap before
{Heap before GC invocations=16 (full 0):
 garbage-first heap   total 119808K, used 99422K [0x0000000080000000, 0x0000000100000000)
  region size 1024K, 32 young (32768K), 1 survivors (1024K)
 Metaspace       used 55273K, committed 57024K, reserved 1114112K
  class space    used 7876K, committed 8704K, reserved 1048576K
}
Event: 10.429 GC heap after
{Heap after GC invocations=17 (full 0):
 garbage-first heap   total 119808K, used 69519K [0x0000000080000000, 0x0000000100000000)
  region size 1024K, 2 young (2048K), 2 survivors (2048K)
 Metaspace       used 55273K, committed 57024K, reserved 1114112K
  class space    used 7876K, committed 8704K, reserved 1048576K
}
Event: 10.877 GC heap before
{Heap before GC invocations=18 (full 0):
 garbage-first heap   total 119808K, used 107407K [0x0000000080000000, 0x0000000100000000)
  region size 1024K, 34 young (34816K), 2 survivors (2048K)
 Metaspace       used 57878K, committed 59712K, reserved 1114112K
  class space    used 8272K, committed 9152K, reserved 1048576K
}
Event: 10.882 GC heap after
{Heap after GC invocations=19 (full 0):
 garbage-first heap   total 119808K, used 74733K [0x0000000080000000, 0x0000000100000000)
  region size 1024K, 5 young (5120K), 5 survivors (5120K)
 Metaspace       used 57878K, committed 59712K, reserved 1114112K
  class space    used 8272K, committed 9152K, reserved 1048576K
}
Event: 11.360 GC heap before
{Heap before GC invocations=19 (full 0):
 garbage-first heap   total 119808K, used 105453K [0x0000000080000000, 0x0000000100000000)
  region size 1024K, 35 young (35840K), 5 survivors (5120K)
 Metaspace       used 60369K, committed 62144K, reserved 1114112K
  class space    used 8574K, committed 9408K, reserved 1048576K
}
Event: 11.367 GC heap after
{Heap after GC invocations=20 (full 0):
 garbage-first heap   total 119808K, used 76064K [0x0000000080000000, 0x0000000100000000)
  region size 1024K, 2 young (2048K), 2 survivors (2048K)
 Metaspace       used 60369K, committed 62144K, reserved 1114112K
  class space    used 8574K, committed 9408K, reserved 1048576K
}
Event: 11.949 GC heap before
{Heap before GC invocations=20 (full 0):
 garbage-first heap   total 119808K, used 106784K [0x0000000080000000, 0x0000000100000000)
  region size 1024K, 32 young (32768K), 2 survivors (2048K)
 Metaspace       used 63955K, committed 65728K, reserved 1114112K
  class space    used 9035K, committed 9920K, reserved 1048576K
}
Event: 11.952 GC heap after
{Heap after GC invocations=21 (full 0):
 garbage-first heap   total 119808K, used 77504K [0x0000000080000000, 0x0000000100000000)
  region size 1024K, 4 young (4096K), 4 survivors (4096K)
 Metaspace       used 63955K, committed 65728K, reserved 1114112K
  class space    used 9035K, committed 9920K, reserved 1048576K
}
Event: 12.654 GC heap before
{Heap before GC invocations=22 (full 0):
 garbage-first heap   total 132096K, used 110272K [0x0000000080000000, 0x0000000100000000)
  region size 1024K, 33 young (33792K), 4 survivors (4096K)
 Metaspace       used 67021K, committed 68864K, reserved 1114112K
  class space    used 9497K, committed 10368K, reserved 1048576K
}
Event: 12.657 GC heap after
{Heap after GC invocations=23 (full 0):
 garbage-first heap   total 132096K, used 82999K [0x0000000080000000, 0x0000000100000000)
  region size 1024K, 4 young (4096K), 4 survivors (4096K)
 Metaspace       used 67021K, committed 68864K, reserved 1114112K
  class space    used 9497K, committed 10368K, reserved 1048576K
}

